Total found: 235
[01_going_to_find_the_outside.md] Found 'n% I = W' (Suggest: 'n% I = W', InCode: False):
  [Phán xét] [Hades] [Cấm kỵ LV 8] [Mở rộng Thần tính LV 4] [n% I = W]

[01_going_to_find_the_outside.md] Found 'Zoa Ele' (Suggest: 'Zoa Ele', InCode: True):
  `<Zoa Ele Cấp 15 | Không tên>`

[01_going_to_find_the_outside.md] Found 'Arachne' (Suggest: 'Arachne', InCode: False):
  Lựa chọn thứ nhất là tiến hóa thật nhiều lần để trở thành một Arachne.

[01_going_to_find_the_outside.md] Found 'Arachne' (Suggest: 'Arachne', InCode: False):
  Tuy nhiên, con đường tiến hóa thành Arachne khá là dài, nên tôi sẽ phải cực kỳ kiên trì.

[01_going_to_find_the_outside.md] Found 'Arachne' (Suggest: 'Arachne', InCode: False):
  Đạt được kỹ năng này sẽ dễ dàng hơn nhiều so với việc tiến hóa thành Arachne.

[01_going_to_find_the_outside.md] Found 'Arachne' (Suggest: 'Arachne', InCode: False):
  Trên hết thảy, có một điểm cực kỳ quan trọng khác gây ra rắc rối cho dù tôi có chọn con đường tiến hóa thành Arachne hay lấy kỹ năng Thần Giao Cách Cảm đi chăng nữa.

[02_labyrinths_zenith_i_call_thee_mother.md] Found 'Intimidation' (Suggest: 'Uy Áp', InCode: False):
  Bên cạnh việc danh hiệu này áp đặt hiệu ứng "sợ hãi" lên bất kỳ sinh vật nào trong tầm mắt tôi, nó còn đi kèm với một kỹ năng bổ sung là [Uy Áp] (Intimidation) có hiệu ứng tương tự. Cảm giác như tôi biến thành đại ca đầu gấu học đường vậy.

[02_labyrinths_zenith_i_call_thee_mother.md] Found 'Taratect' (Suggest: 'Taratect', InCode: False):
  Dù gì thì lũ con của bà ấy cũng toàn là đám Taratect thuộc chủng loại vừa "tiểu" vừa "nhược" (nhỏ yếu) cơ mà.

[02_labyrinths_zenith_i_call_thee_mother.md] Found 'Zoa Ele' (Suggest: 'Zoa Ele', InCode: False):
  Về hình dáng, trông nó không khác mấy so với hình dạng của tôi trước khi tiến hóa thành Zoa Ele.

[02_labyrinths_zenith_i_call_thee_mother.md] Found 'Fearbringer' (Suggest: 'Kẻ gieo rắc kinh hoàng', InCode: False):
  Tất cả là nhờ danh hiệu "Kẻ gieo rắc kinh hoàng" (Fearbringer) mà tôi đạt được sau trận chiến với Hỏa Phi Long.

[03_spider_vs_fire_dragon.md] Found 'Fire Dragon' (Suggest: 'Hỏa Long', InCode: False):
  *(Spider vs Fire Dragon)*

[04_dragon_slayer.md] Found 'Zoa Ele' (Suggest: 'Zoa Ele', InCode: True):
  `<Đã đạt đủ điểm kinh nghiệm. Cá thể Zoa Ele đã tăng từ LV 15 lên LV 16.>`

[04_dragon_slayer.md] Found 'Zoa Ele' (Suggest: 'Zoa Ele', InCode: True):
  `<Đã đạt đủ điểm kinh nghiệm. Cá thể Zoa Ele đã tăng từ LV 16 lên LV 17.>`

[04_dragon_slayer.md] Found 'Zoa Ele' (Suggest: 'Zoa Ele', InCode: True):
  `<Đã đạt đủ điểm kinh nghiệm. Cá thể Zoa Ele đã tăng từ LV 17 lên LV 18.>`

[04_dragon_slayer.md] Found 'Zoa Ele' (Suggest: 'Zoa Ele', InCode: True):
  `<Đã đạt đủ điểm kinh nghiệm. Cá thể Zoa Ele đã tăng từ LV 18 lên LV 19.>`

[06_middle_stratum_cleared.md] Found 'Middle Stratum' (Suggest: 'Tầng trung', InCode: False):
  *(Middle Stratum Cleared)*

[interlude_the_heros_master.md] Found 'Hero' (Suggest: 'Anh hùng', InCode: False):
  *(The Hero’s Master)*

[interlude_the_ruler_and_the_ninja.md] Found 'Ninja' (Suggest: 'Ninja', InCode: False):
  # Đoạn phụ: Kẻ thống trị và Ninja

[interlude_the_ruler_and_the_ninja.md] Found 'Ninja' (Suggest: 'Ninja', InCode: False):
  *(The Ruler and the Ninja)*

[interlude_the_teacher_and_the_third_prince.md] Found 'Julius' (Suggest: 'Julius', InCode: False):
  “Tôi không muốn mất thêm một người em trai nào nữa sau anh Julius. Tất nhiên tôi muốn làm bất cứ điều gì để giữ cho em ấy được sống, cho dù điều đó có nghĩa là tôi sẽ không bao giờ được gặp lại em ấy nữa.”

[k1_a_mans_final_stubbornness.md] Found 'Karnatia Seri Anabald' (Suggest: 'Karnatia Seri Anabald', InCode: False):
  Kể từ giây phút này, Ooshima Kanata đã thực sự trở thành Karnatia Seri Anabald.

[k1_a_mans_final_stubbornness.md] Found 'Julius' (Suggest: 'Julius', InCode: False):
  Ở kiếp trước, bầu nhiệt huyết đó dành cho game, còn ở thế giới này, mục tiêu của cậu ấy luôn là hoàng huynh Julius, người giữ danh hiệu Anh hùng.

[s1_new_hero.md] Found 'Julius' (Suggest: 'Julius', InCode: False):
  “Julius...”

[s1_new_hero.md] Found 'Julius' (Suggest: 'Julius', InCode: False):
  Anh ấy là một người nhân hậu, và là người anh tôi thân thiết nhất sau hoàng huynh Julius.

[s1_new_hero.md] Found 'Julius' (Suggest: 'Julius', InCode: False):
  “Phụ hoàng. Con biết tất cả chúng ta đều đang thương tiếc Julius. Tuy nhiên, chúng ta cũng phải nghĩ cho tương lai nữa. Hãy bắt đầu cuộc bàn thảo được chưa ạ?”

[s1_new_hero.md] Found 'Julius' (Suggest: 'Julius', InCode: False):
  “Việc Schlain thừa kế danh hiệu Anh hùng... đồng nghĩa với việc Julius đã tử trận.”

[s1_new_hero.md] Found 'Julius' (Suggest: 'Julius', InCode: False):
  Ngay khi nghe những lời đó được nói ra thành tiếng, tôi cảm giác như mình lại một lần nữa phải đối mặt với sự thật phũ phàng về cái chết của hoàng huynh Julius.

[s1_new_hero.md] Found 'Julius' (Suggest: 'Julius', InCode: False):
  “Thật khó tin khi vị Anh hùng tiếp theo sau Julius lại một lần nữa xuất thân từ vương quốc của chúng ta, chưa nói đến việc lại chính là em trai ruột của nó. Có lẽ số phận không hề mỉm cười với chúng ta...”

[s1_new_hero.md] Found 'Julius' (Suggest: 'Julius', InCode: False):
  Có thể chỉ đơn giản là vì ông đang đau buồn trước cái chết của Julius, nhưng ông có vẻ thực sự bối rối trước việc tôi được chọn.

[s1_new_hero.md] Found 'Julius' (Suggest: 'Julius', InCode: False):
  Khi Julius được chọn làm Anh hùng, đã có rất nhiều tranh chấp xảy ra do thân phận hoàng tộc của anh ấy.

[s1_new_hero.md] Found 'Julius' (Suggest: 'Julius', InCode: False):
  “Schlain, chuyện này vẫn chưa được công bố rộng rãi, nhưng ta đã nhận được tin báo rằng quân đội ma tộc cuối cùng đã bắt đầu cuộc xâm lăng. Khả năng cao là Julius đã hy sinh khi chiến đấu chống lại bọn chúng.”

[s1_new_hero.md] Found 'Julius' (Suggest: 'Julius', InCode: False):
  Đến cả hoàng huynh Julius cũng không thể đánh bại được chúng sao...

[s1_new_hero.md] Found 'Julius' (Suggest: 'Julius', InCode: False):
  “Có vẻ cái chết của Julius vẫn chưa chắc chắn hoàn toàn.”

[s1_new_hero.md] Found 'Julius' (Suggest: 'Julius', InCode: False):
  “Trước mắt, hãy giữ bí mật về cái chết của Julius và việc Schlain có được danh hiệu Anh hùng.”

[s1_new_hero.md] Found 'Julius' (Suggest: 'Julius', InCode: False):
  “Chúng ta vẫn chưa biết chắc liệu quân đội ma tộc đã hoàn toàn rút lui hay chưa. Nếu chúng ta công bố rằng Anh hùng đã tử trận lúc này, điều đó có thể gây ra sự hoang mang không cần thiết cho người dân. Ta chắc chắn rằng tin tức cuối cùng cũng sẽ truyền từ chiến trường về và cái chết của Julius sẽ được biết đến rộng rãi, nhưng cho đến lúc đó, hãy giữ kín chuyện này giữa chúng ta.”

[s1_new_hero.md] Found 'Julius' (Suggest: 'Julius', InCode: False):
  “Ta biết tất cả những chuyện này diễn ra quá đột ngột, nhưng từ bây giờ, con đã là Anh hùng rồi. Con phải tiếp bước Julius và cầm vũ khí chiến đấu nơi tiền tuyến với tư cách là niềm hy vọng lớn nhất của nhân loại. Giờ đây, con có lẽ vẫn chưa sẵn sàng cho việc đó. Chúng ta không còn nhiều thời gian trước khi tin tức về cái chết của Julius lan truyền, nhưng... con sẽ phải tự rèn luyện ý chí sắt đá cho mình trong khoảng thời gian ngắn ngủi này.”

[s1_new_hero.md] Found 'Julius' (Suggest: 'Julius', InCode: False):
  “Ta biết tất cả những chuyện này diễn ra quá đột ngột, nhưng từ bây giờ, con đã là Anh hùng rồi. Con phải tiếp bước Julius và cầm vũ khí chiến đấu nơi tiền tuyến với tư cách là niềm hy vọng lớn nhất của nhân loại. Giờ đây, con có lẽ vẫn chưa sẵn sàng cho việc đó. Chúng ta không còn nhiều thời gian trước khi tin tức về cái chết của Julius lan truyền, nhưng... con sẽ phải tự rèn luyện ý chí sắt đá cho mình trong khoảng thời gian ngắn ngủi này.”

[s1_new_hero.md] Found 'Leston' (Suggest: 'Leston', InCode: False):
  Đã thế, đó chính là Đệ tam hoàng tử Leston, người anh trai lớn tuổi gần tôi nhất.

[s1_new_hero.md] Found 'Leston' (Suggest: 'Leston', InCode: False):
  Tôi cũng không thường xuyên gặp anh Leston cho lắm.

[s1_new_hero.md] Found 'Leston' (Suggest: 'Leston', InCode: False):
  Tôi bám chặt lấy anh Leston và khóc nức nở không thành tiếng.

[s1_new_hero.md] Found 'Leston' (Suggest: 'Leston', InCode: False):
  “Không sao đâu, Leston. Những gì Cylis nói là đúng.”

[s1_new_hero.md] Found 'Leston' (Suggest: 'Leston', InCode: False):
  “Hãy tự trọng đi, Leston. Phụ hoàng đã phán rồi.”

[s1_new_hero.md] Found 'Leston' (Suggest: 'Leston', InCode: False):
  Phụ hoàng và anh Leston nhìn theo tôi đầy lo lắng. Ánh mắt của anh cả Cylis thì thật lạnh lùng.

[s1_new_hero.md] Found 'Hero' (Suggest: 'Anh hùng', InCode: False):
  *(New Hero)*

[s1_new_hero.md] Found 'Leston' (Suggest: 'Leston', InCode: False):
  Đã thế, đó chính là Đệ tam hoàng tử Leston, người anh trai lớn tuổi gần tôi nhất.

[s1_new_hero.md] Found 'Leston' (Suggest: 'Leston', InCode: False):
  Tôi cũng không thường xuyên gặp anh Leston cho lắm.

[s1_new_hero.md] Found 'Leston' (Suggest: 'Leston', InCode: False):
  Tôi bám chặt lấy anh Leston và khóc nức nở không thành tiếng.

[s1_new_hero.md] Found 'Leston' (Suggest: 'Leston', InCode: False):
  “Không sao đâu, Leston. Những gì Cylis nói là đúng.”

[s1_new_hero.md] Found 'Leston' (Suggest: 'Leston', InCode: False):
  “Hãy tự trọng đi, Leston. Phụ hoàng đã phán rồi.”

[s1_new_hero.md] Found 'Leston' (Suggest: 'Leston', InCode: False):
  Phụ hoàng và anh Leston nhìn theo tôi đầy lo lắng. Ánh mắt của anh cả Cylis thì thật lạnh lùng.

[s2_omen.md] Found 'Julius' (Suggest: 'Julius', InCode: False):
  Theo những gì tôi nghe được, cái chết của hoàng huynh Julius vẫn đang được giữ bí mật với thế giới bên ngoài.

[s2_omen.md] Found 'Julius' (Suggest: 'Julius', InCode: False):
  “Vâng. Nhiều khả năng là tin tức về cái chết của hoàng huynh Julius cũng đã được truyền tới Giáo hội.”

[s2_omen.md] Found 'Julius' (Suggest: 'Julius', InCode: False):
  “Chính xác ạ. Anh nghĩ chuyện gì đã xảy ra với vị Thánh nữ đồng hành cùng hoàng huynh Julius?”

[s2_omen.md] Found 'Julius' (Suggest: 'Julius', InCode: False):
  Anh Hyrince là bạn thuở nhỏ của hoàng huynh Julius, một chiến binh đã sát cánh chiến đấu cùng anh ấy.

[s2_omen.md] Found 'Julius' (Suggest: 'Julius', InCode: False):
  Đến nay chúng tôi đã thu thập được thêm nhiều thông tin về tình hình chiến sự, nhưng hầu hết sự thật liên quan đến hoàng huynh Julius vẫn là ẩn số.

[s2_omen.md] Found 'Julius' (Suggest: 'Julius', InCode: False):
  Tôi luôn mơ ước một ngày nào đó được sát cánh chiến đấu cùng hoàng huynh Julius, nhưng tôi nghĩ ngày đó vẫn còn ở một tương lai rất xa.

[s2_omen.md] Found 'Julius' (Suggest: 'Julius', InCode: False):
  Ngay cả khi hoàng huynh Julius còn sống, tôi nghi ngờ việc mình có thể sát cánh chiến đấu cùng anh ấy.

[s2_omen.md] Found 'Julius' (Suggest: 'Julius', InCode: False):
  Nhưng đó không phải là vì tôi nhân từ và chu đáo như hoàng huynh Julius.

[s2_omen.md] Found 'Taratect' (Suggest: 'Taratect', InCode: False):
  Con quái vật được triệu hồi đó là một loài huyền thoại: một con quái vật nhện cực kỳ mạnh mẽ được gọi là Taratect Nữ Vương.

[s2_omen.md] Found 'Anogratch' (Suggest: 'Anogratch', InCode: False):
  Trong trường hợp này, đó là một loài có tên là Anogratch, còn được gọi là

[s2_omen.md] Found 'Anogratch' (Suggest: 'Anogratch', InCode: False):
  Tận dụng đặc tính đó, quân đội ma tộc bằng cách nào đó đã thả một con Anogratch còn sống vào Pháo đài Okun, nơi một binh sĩ trong pháo đài đã giết chết nó.

[s2_omen.md] Found 'Anogratch' (Suggest: 'Anogratch', InCode: False):
  Điều này đã kéo theo một đàn Anogratch khổng lồ ập xuống pháo đài để trả thù, chúng điên cuồng tấn công cho đến khi hàng phòng ngự cuối cùng cũng thất thủ.

[s2_omen.md] Found 'Anogratch' (Suggest: 'Anogratch', InCode: False):
  Nếu có điểm sáng nào trong chuyện này, thì đó là việc đàn Anogratch sau đó đã chiếm đóng pháo đài, nên quân đội ma tộc cũng không thể sử dụng nó được nữa.

[s3_julius.md] Found 'Julius' (Suggest: 'Julius', InCode: False):
  # Chương S3: Julius

[s3_julius.md] Found 'Julius' (Suggest: 'Julius', InCode: False):
  *(Julius)*

[s3_julius.md] Found 'Julius' (Suggest: 'Julius', InCode: False):
  “Người phải hy sinh không nên là Julius. Lẽ ra người sống sót phải là anh ấy, chứ không phải tôi.”

[s3_julius.md] Found 'Julius' (Suggest: 'Julius', InCode: False):
  “Lẽ ra người giữ nó phải là Anh hùng Julius. Nhưng anh ấy bảo tôi là người chịu đòn nên giữ nó sẽ tốt hơn, thế nên anh ấy đã đưa nó cho tôi...”

[s3_julius.md] Found 'Julius' (Suggest: 'Julius', InCode: False):
  “Phải. Tôi còn sống được đều là nhờ vật phẩm này. Bây giờ nó đã mất tác dụng rồi, nhưng... lẽ ra người giữ nó phải là Julius chứ không phải tôi. Julius mới là người nên sống sót.”

[s3_julius.md] Found 'Julius' (Suggest: 'Julius', InCode: False):
  “Phải. Tôi còn sống được đều là nhờ vật phẩm này. Bây giờ nó đã mất tác dụng rồi, nhưng... lẽ ra người giữ nó phải là Julius chứ không phải tôi. Julius mới là người nên sống sót.”

[s3_julius.md] Found 'Julius' (Suggest: 'Julius', InCode: False):
  Julius và tổ đội của anh đang bảo vệ một trong những pháo đài.

[s3_julius.md] Found 'Julius' (Suggest: 'Julius', InCode: False):
  Julius đã đánh bại đối thủ của mình một cách huy hoàng, sau đó khuyên tàn quân ma tộc đầu hàng.

[s3_julius.md] Found 'Julius' (Suggest: 'Julius', InCode: False):
  Hoàng huynh Julius của tôi là Anh hùng, là con người mạnh nhất còn sống.

[s3_julius.md] Found 'Julius' (Suggest: 'Julius', InCode: False):
  “Phải. Tôi nghĩ cậu ấy chưa bao giờ kể với cậu, nhưng đây là món quà cuối cùng mà mẫu thân của cậu tặng cho Julius trước khi bà qua đời.”

[s3_julius.md] Found 'Julius' (Suggest: 'Julius', InCode: False):
  “Rất vui được gặp em. Anh là anh trai của em, Julius đây. Trông anh thế này thôi chứ anh là Anh hùng đấy nhé.”

[s3_julius.md] Found 'Julius' (Suggest: 'Julius', InCode: False):
  Ký ức về Julius tràn ngập tâm trí tôi.

[s3_julius.md] Found 'Julius' (Suggest: 'Julius', InCode: False):
  Tôi nghi ngờ việc mình có thể trở thành một Anh hùng vĩ đại như Julius từng làm.

[s3_julius.md] Found 'Julius' (Suggest: 'Julius', InCode: False):
  “Tôi đã không thể bảo vệ Julius. Tôi là một tấm khiên thất bại. Nhưng nếu cậu có thể chấp nhận một kẻ chịu đòn thảm hại như vậy, xin hãy cho phép tôi được làm người mang khiên cho vị Anh hùng mới.”

[s3_julius.md] Found 'Julius' (Suggest: 'Julius', InCode: False):
  “Vì tôi không thể bảo vệ được Julius, hãy để tôi bảo vệ cậu thay cho anh ấy.”

[s3_julius.md] Found 'Julius' (Suggest: 'Julius', InCode: False):
  Tôi chẳng qua chỉ là một bản sao không hoàn hảo của hoàng huynh Julius mà thôi.

[s3_julius.md] Found 'Julius' (Suggest: 'Julius', InCode: False):
  “Ngay cả khi bắt đầu thực hiện nghĩa vụ Anh hùng, anh vẫn sẽ cố gắng đến gặp em bất cứ khi nào có thể. Giống như hoàng huynh Julius từng làm vậy.”

[s3_julius.md] Found 'Julius' (Suggest: 'Julius', InCode: False):
  “Hoàng huynh, anh định báo thù cho hoàng huynh Julius sao?”

[s3_julius.md] Found 'Leston' (Suggest: 'Leston', InCode: False):
  “Shun này, nếu có chuyện gì xảy ra, em cứ việc nói chuyện với anh Leston. Dù sao anh ấy cũng luôn ở trong hoàng thành mà. Anh ấy là người rảnh rỗi nhất trong gia đình chúng ta, nên anh chắc chắn anh ấy sẽ giúp đỡ em thôi.”

[s3_julius.md] Found 'Leston' (Suggest: 'Leston', InCode: False):
  “Shun này, nếu có chuyện gì xảy ra, em cứ việc nói chuyện với anh Leston. Dù sao anh ấy cũng luôn ở trong hoàng thành mà. Anh ấy là người rảnh rỗi nhất trong gia đình chúng ta, nên anh chắc chắn anh ấy sẽ giúp đỡ em thôi.”

[s4_fall.md] Found 'Hugo Baint Renxandt' (Suggest: 'Hugo Baint Renxandt', InCode: False):
  “Giáo hội đã công bố vị Anh hùng mới. Tên của hắn là Hugo Baint Renxandt.”

[s4_fall.md] Found 'Julius' (Suggest: 'Julius', InCode: False):
  Chúng tôi không thể giữ kín cái chết của hoàng huynh Julius lâu hơn nữa.

[s4_fall.md] Found 'Julius' (Suggest: 'Julius', InCode: False):
  Vương quốc mà phụ hoàng từng trị vì, nơi hoàng huynh Julius yêu thương tha thiết sao?

[s4_fall.md] Found 'Julius' (Suggest: 'Julius', InCode: False):
  Anh Hyrince, người đã bảo vệ Anh hùng Julius suốt bấy lâu nay, cùng cô Oka, người đã

[s4_fall.md] Found 'Leston' (Suggest: 'Leston', InCode: False):
  “Leston bảo tôi là cậu đang gặp nguy hiểm, nên tôi đã chạy vội tới đây. Tôi biết cậu đang bối rối, nhưng trước mắt chúng ta phải đưa cậu thoát khỏi đây đã.”

[s4_fall.md] Found 'Leston' (Suggest: 'Leston', InCode: False):
  “Lực lượng của Leston đang chiến đấu với họ lúc này. Anh ấy đang câu giờ để chúng ta có thể đưa em ra ngoài.”

[s4_fall.md] Found 'Leston' (Suggest: 'Leston', InCode: False):
  “Leston hẹn gặp chúng ta ở đây. Ngay khi anh ấy tới, chúng ta sẽ rời khỏi vương quốc.”

[s4_fall.md] Found 'Leston' (Suggest: 'Leston', InCode: False):
  Đi cùng với hoàng huynh Leston là hai gương mặt quen thuộc bước vào.

[s4_fall.md] Found 'Leston' (Suggest: 'Leston', InCode: False):
  Bên cạnh Leston là Anna và Klevea, hai người phụ nữ từng là hầu gái của Sue và tôi.

[s4_fall.md] Found 'Leston' (Suggest: 'Leston', InCode: False):
  Leston nắm chặt tay đầy bất lực.

[s4_fall.md] Found 'Leston' (Suggest: 'Leston', InCode: False):
  Leston đưa cho tôi một món vũ khí.

[s4_fall.md] Found 'Leston' (Suggest: 'Leston', InCode: False):
  Cùng lúc đó, phục binh của Leston cũng phát động một cuộc tấn công bất ngờ.

[s4_fall.md] Found 'Sophia' (Suggest: 'Sophia', InCode: False):
  “Sophia! Tên này là của tôi! Đừng có xía mũi vào chuyện của người khác!”

[s4_fall.md] Found 'Sophia' (Suggest: 'Sophia', InCode: False):
  Dựa trên cách họ tương tác, có vẻ như cô gái tên “Sophia” này không hề bị Hugo tẩy não.

[s4_fall.md] Found 'Sophia' (Suggest: 'Sophia', InCode: False):
  Chỉ có Sophia là phớt lờ những lời của Cylis, thay vào đó nở một nụ cười đầy ẩn ý.

[s4_fall.md] Found 'Sophia' (Suggest: 'Sophia', InCode: False):
  Thế nhưng, ma pháp đó đã bốc hơi thành không khí ngay khi chạm vào Sophia, người lúc này đang đứng chắn trước mặt Hugo như để bảo vệ cậu ta.

[s4_fall.md] Found 'Sophia' (Suggest: 'Sophia', InCode: False):
  Khi nhìn thấy Sophia, mắt cô Oka trợn tròn vì sốc.

[s4_fall.md] Found 'Sophia' (Suggest: 'Sophia', InCode: False):
  Cô gái mang tên Sophia đó thực sự nguy hiểm đến thế sao?

[s4_fall.md] Found 'Sophia' (Suggest: 'Sophia', InCode: False):
  “Chừng nào Sophia còn ở đó, chúng ta hoàn toàn không có cơ hội chiến thắng.”

[s4_fall.md] Found 'Sophia' (Suggest: 'Sophia', InCode: False):
  Rốt cuộc cô gái tên Sophia đó là ai hay là cái gì thế?

[s4_fall.md] Found 'Sophia' (Suggest: 'Sophia', InCode: False):
  “Sophia là...”

[s4_fall.md] Found 'Hugo Baint Renxandt' (Suggest: 'Hugo', InCode: False):
  “Giáo hội đã công bố vị Anh hùng mới. Tên của hắn là Hugo Baint Renxandt.”

[s4_fall.md] Found 'Leston' (Suggest: 'Leston', InCode: False):
  “Leston bảo tôi là cậu đang gặp nguy hiểm, nên tôi đã chạy vội tới đây. Tôi biết cậu đang bối rối, nhưng trước mắt chúng ta phải đưa cậu thoát khỏi đây đã.”

[s4_fall.md] Found 'Leston' (Suggest: 'Leston', InCode: False):
  “Lực lượng của Leston đang chiến đấu với họ lúc này. Anh ấy đang câu giờ để chúng ta có thể đưa em ra ngoài.”

[s4_fall.md] Found 'Leston' (Suggest: 'Leston', InCode: False):
  “Leston hẹn gặp chúng ta ở đây. Ngay khi anh ấy tới, chúng ta sẽ rời khỏi vương quốc.”

[s4_fall.md] Found 'Leston' (Suggest: 'Leston', InCode: False):
  Đi cùng với hoàng huynh Leston là hai gương mặt quen thuộc bước vào.

[s4_fall.md] Found 'Leston' (Suggest: 'Leston', InCode: False):
  Bên cạnh Leston là Anna và Klevea, hai người phụ nữ từng là hầu gái của Sue và tôi.

[s4_fall.md] Found 'Leston' (Suggest: 'Leston', InCode: False):
  Leston nắm chặt tay đầy bất lực.

[s4_fall.md] Found 'Leston' (Suggest: 'Leston', InCode: False):
  Leston đưa cho tôi một món vũ khí.

[s4_fall.md] Found 'Leston' (Suggest: 'Leston', InCode: False):
  Cùng lúc đó, phục binh của Leston cũng phát động một cuộc tấn công bất ngờ.

[s4_fall.md] Found 'Sophia' (Suggest: 'Sophia', InCode: False):
  “Sophia! Tên này là của tôi! Đừng có xía mũi vào chuyện của người khác!”

[s4_fall.md] Found 'Sophia' (Suggest: 'Sophia', InCode: False):
  Dựa trên cách họ tương tác, có vẻ như cô gái tên “Sophia” này không hề bị Hugo tẩy não.

[s4_fall.md] Found 'Sophia' (Suggest: 'Sophia', InCode: False):
  Chỉ có Sophia là phớt lờ những lời của Cylis, thay vào đó nở một nụ cười đầy ẩn ý.

[s4_fall.md] Found 'Sophia' (Suggest: 'Sophia', InCode: False):
  Thế nhưng, ma pháp đó đã bốc hơi thành không khí ngay khi chạm vào Sophia, người lúc này đang đứng chắn trước mặt Hugo như để bảo vệ cậu ta.

[s4_fall.md] Found 'Sophia' (Suggest: 'Sophia', InCode: False):
  Khi nhìn thấy Sophia, mắt cô Oka trợn tròn vì sốc.

[s4_fall.md] Found 'Sophia' (Suggest: 'Sophia', InCode: False):
  Cô gái mang tên Sophia đó thực sự nguy hiểm đến thế sao?

[s4_fall.md] Found 'Sophia' (Suggest: 'Sophia', InCode: False):
  “Chừng nào Sophia còn ở đó, chúng ta hoàn toàn không có cơ hội chiến thắng.”

[s4_fall.md] Found 'Sophia' (Suggest: 'Sophia', InCode: False):
  Rốt cuộc cô gái tên Sophia đó là ai hay là cái gì thế?

[s4_fall.md] Found 'Sophia' (Suggest: 'Sophia', InCode: False):
  “Sophia là...”

[s5_escape.md] Found 'Leston' (Suggest: 'Leston', InCode: False):
  Dù anh Leston và chị Klevea mạnh hơn lính thường, nhưng họ vẫn không thể sánh được với anh Hyrince và tôi.

[s5_escape.md] Found 'Leston' (Suggest: 'Leston', InCode: False):
  Anh Hyrince còn đang chật vật đối phó với tên ninja, còn anh Leston và chị Klevea thì đang hoàn toàn bị giữ chân bởi những tên lính khác.

[s5_escape.md] Found 'Leston' (Suggest: 'Leston', InCode: False):
  Hoàng huynh Leston hét lớn.

[s5_escape.md] Found 'Leston' (Suggest: 'Leston', InCode: False):
  Anh Leston rõ ràng có ý định ở lại làm hậu vệ cản đường kẻ địch.

[s5_escape.md] Found 'Leston' (Suggest: 'Leston', InCode: False):
  Để lại chị Klevea và hoàng huynh Leston ở phía sau.

[s5_escape.md] Found 'Sophia' (Suggest: 'Sophia', InCode: False):
  Sophia đứng chắn đường cô Oka, đối đầu trực diện với cô.

[s5_escape.md] Found 'Sophia' (Suggest: 'Sophia', InCode: False):
  Cô Oka vừa định nói gì đó thì bị Sophia cắt ngang.

[s5_escape.md] Found 'Sophia' (Suggest: 'Sophia', InCode: False):
  Sophia ném một vật về phía cô.

[s5_escape.md] Found 'Sophia' (Suggest: 'Sophia', InCode: False):
  Chứng kiến cô Oka rơi vào hoảng loạn, Sophia mỉm cười vui vẻ và liếm láp vết máu trên tay mình.

[s5_escape.md] Found 'Sophia' (Suggest: 'Sophia', InCode: False):
  Sophia lộ vẻ tò mò thực sự trước tiếng hét đầy hoang mang của cô Oka.

[s5_escape.md] Found 'Sophia' (Suggest: 'Sophia', InCode: False):
  Nhưng lúc này, những câu nói khác của Sophia mới đáng lưu tâm hơn.

[s5_escape.md] Found 'Sophia' (Suggest: 'Sophia', InCode: False):
  Cô Oka chắc hẳn cũng cảm thấy như vậy. Dù vẫn còn đang bàng hoàng, cô rõ ràng đã chuẩn bị sẵn sàng để chiến đấu với Sophia.

[s5_escape.md] Found 'Sophia' (Suggest: 'Sophia', InCode: False):
  Sophia bước tới một bước.

[s5_escape.md] Found 'Sophia' (Suggest: 'Sophia', InCode: False):
  Tuy nhiên, dù đòn phép đó dư sức thổi bay một cơ thể con người, nó lại sụt giảm uy lực khi đến gần Sophia. Cho tới khi chạm vào cô ta, nó chỉ còn đủ mạnh để làm tóc cô ta khẽ lay động một chút.

[s5_escape.md] Found 'Sophia' (Suggest: 'Sophia', InCode: False):
  Cô gái tên Sophia này quá đáng sợ để có thể đối đầu bằng tay không.

[s5_escape.md] Found 'Sophia' (Suggest: 'Sophia', InCode: False):
  Tiếng hét đau đớn từ hướng khác thu hút sự chú ý của tôi về phía cô Oka, người đang bị Sophia tóm cổ nhấc bổng lên không trung.

[s5_escape.md] Found 'Sophia' (Suggest: 'Sophia', InCode: False):
  Tồi tệ hơn cả, nếu tôi đi sai một bước lúc này, Sophia có thể bẻ gãy cổ cô Oka ngay lập tức.

[s5_escape.md] Found 'Sophia' (Suggest: 'Sophia', InCode: False):
  Nó oanh tạc đám binh lính và bọn ninja bằng những quả cầu ánh sáng, có lẽ là một đòn tấn công bằng Quang ma pháp, rồi lao vào tấn công Sophia.

[s5_escape.md] Found 'Sophia' (Suggest: 'Sophia', InCode: False):
  Sophia né tránh đòn đánh, thả cô Oka ra.

[s5_escape.md] Found 'Sophia' (Suggest: 'Sophia', InCode: False):
  Đám lính chắc chắn đã chịu tổn thất từ đòn tấn công của Fei, nhưng Sophia, mối đe dọa lớn nhất của chúng tôi, vẫn hoàn toàn lành lặn.

[s5_escape.md] Found 'Sophia' (Suggest: 'Sophia', InCode: False):
  Tuy nhiên, tôi không thể tưởng tượng được cảnh anh ấy và binh lính của mình có thể chống lại Sophia và lũ ninja.

[s5_escape.md] Found 'Sophia' (Suggest: 'Sophia', InCode: False):
  Sophia cùng hai tên ninja lao về phía chúng tôi, nên Fei lập tức phun một đòn hơi thở về phía họ.

[s5_escape.md] Found 'Sophia' (Suggest: 'Sophia', InCode: False):
  Ở phía dưới, tôi có thể nhìn thấy Sophia vẫn đứng sừng sững không chút hề hấn gì bất chấp đòn hơi thở của Fei.

[s5_escape.md] Found 'Chakram' (Suggest: 'Chakram', InCode: False):
  Một chiếc chakram sao?

[s5_escape.md] Found 'Chakram' (Suggest: 'Chakram', InCode: False):
  Thay đổi quỹ đạo giữa không trung như thể có ý chí riêng, chiếc chakram quay ngoắt lại tấn công tôi.

[s5_escape.md] Found 'Chakram' (Suggest: 'Chakram', InCode: False):
  Mỗi lần tôi định di chuyển, chiếc chakram bay lượn lại chắn đường, khiến tôi không thể tiến lên dù chỉ một bước để cứu bất kỳ ai.

[s5_escape.md] Found 'Leston' (Suggest: 'Leston', InCode: False):
  Dù anh Leston và chị Klevea mạnh hơn lính thường, nhưng họ vẫn không thể sánh được với anh Hyrince và tôi.

[s5_escape.md] Found 'Leston' (Suggest: 'Leston', InCode: False):
  Anh Hyrince còn đang chật vật đối phó với tên ninja, còn anh Leston và chị Klevea thì đang hoàn toàn bị giữ chân bởi những tên lính khác.

[s5_escape.md] Found 'Leston' (Suggest: 'Leston', InCode: False):
  Hoàng huynh Leston hét lớn.

[s5_escape.md] Found 'Leston' (Suggest: 'Leston', InCode: False):
  Anh Leston rõ ràng có ý định ở lại làm hậu vệ cản đường kẻ địch.

[s5_escape.md] Found 'Leston' (Suggest: 'Leston', InCode: False):
  Để lại chị Klevea và hoàng huynh Leston ở phía sau.

[s5_escape.md] Found 'Sophia' (Suggest: 'Sophia', InCode: False):
  Sophia đứng chắn đường cô Oka, đối đầu trực diện với cô.

[s5_escape.md] Found 'Sophia' (Suggest: 'Sophia', InCode: False):
  Cô Oka vừa định nói gì đó thì bị Sophia cắt ngang.

[s5_escape.md] Found 'Sophia' (Suggest: 'Sophia', InCode: False):
  Sophia ném một vật về phía cô.

[s5_escape.md] Found 'Sophia' (Suggest: 'Sophia', InCode: False):
  Chứng kiến cô Oka rơi vào hoảng loạn, Sophia mỉm cười vui vẻ và liếm láp vết máu trên tay mình.

[s5_escape.md] Found 'Sophia' (Suggest: 'Sophia', InCode: False):
  Sophia lộ vẻ tò mò thực sự trước tiếng hét đầy hoang mang của cô Oka.

[s5_escape.md] Found 'Sophia' (Suggest: 'Sophia', InCode: False):
  Nhưng lúc này, những câu nói khác của Sophia mới đáng lưu tâm hơn.

[s5_escape.md] Found 'Sophia' (Suggest: 'Sophia', InCode: False):
  Cô Oka chắc hẳn cũng cảm thấy như vậy. Dù vẫn còn đang bàng hoàng, cô rõ ràng đã chuẩn bị sẵn sàng để chiến đấu với Sophia.

[s5_escape.md] Found 'Sophia' (Suggest: 'Sophia', InCode: False):
  Sophia bước tới một bước.

[s5_escape.md] Found 'Sophia' (Suggest: 'Sophia', InCode: False):
  Tuy nhiên, dù đòn phép đó dư sức thổi bay một cơ thể con người, nó lại sụt giảm uy lực khi đến gần Sophia. Cho tới khi chạm vào cô ta, nó chỉ còn đủ mạnh để làm tóc cô ta khẽ lay động một chút.

[s5_escape.md] Found 'Sophia' (Suggest: 'Sophia', InCode: False):
  Cô gái tên Sophia này quá đáng sợ để có thể đối đầu bằng tay không.

[s5_escape.md] Found 'Sophia' (Suggest: 'Sophia', InCode: False):
  Tiếng hét đau đớn từ hướng khác thu hút sự chú ý của tôi về phía cô Oka, người đang bị Sophia tóm cổ nhấc bổng lên không trung.

[s5_escape.md] Found 'Sophia' (Suggest: 'Sophia', InCode: False):
  Tồi tệ hơn cả, nếu tôi đi sai một bước lúc này, Sophia có thể bẻ gãy cổ cô Oka ngay lập tức.

[s5_escape.md] Found 'Sophia' (Suggest: 'Sophia', InCode: False):
  Nó oanh tạc đám binh lính và bọn ninja bằng những quả cầu ánh sáng, có lẽ là một đòn tấn công bằng Quang ma pháp, rồi lao vào tấn công Sophia.

[s5_escape.md] Found 'Sophia' (Suggest: 'Sophia', InCode: False):
  Sophia né tránh đòn đánh, thả cô Oka ra.

[s5_escape.md] Found 'Sophia' (Suggest: 'Sophia', InCode: False):
  Đám lính chắc chắn đã chịu tổn thất từ đòn tấn công của Fei, nhưng Sophia, mối đe dọa lớn nhất của chúng tôi, vẫn hoàn toàn lành lặn.

[s5_escape.md] Found 'Sophia' (Suggest: 'Sophia', InCode: False):
  Tuy nhiên, tôi không thể tưởng tượng được cảnh anh ấy và binh lính của mình có thể chống lại Sophia và lũ ninja.

[s5_escape.md] Found 'Sophia' (Suggest: 'Sophia', InCode: False):
  Sophia cùng hai tên ninja lao về phía chúng tôi, nên Fei lập tức phun một đòn hơi thở về phía họ.

[s5_escape.md] Found 'Sophia' (Suggest: 'Sophia', InCode: False):
  Ở phía dưới, tôi có thể nhìn thấy Sophia vẫn đứng sừng sững không chút hề hấn gì bất chấp đòn hơi thở của Fei.

[s5_escape.md] Found 'Ninja' (Suggest: 'Ninja', InCode: False):
  Toàn thân vận đồ đen, kẻ đó trông giống hệt như một ninja.

[s5_escape.md] Found 'Ninja' (Suggest: 'Ninja', InCode: False):
  Chuyển động của tên ninja có vẻ ngang ngửa với anh Hyrince, nhưng vì anh Hyrince đang bế Anna bất tỉnh nên anh phải chật vật chống đỡ.

[s5_escape.md] Found 'Ninja' (Suggest: 'Ninja', InCode: False):
  Anh Hyrince còn đang chật vật đối phó với tên ninja, còn anh Leston và chị Klevea thì đang hoàn toàn bị giữ chân bởi những tên lính khác.

[s5_escape.md] Found 'Ninja' (Suggest: 'Ninja', InCode: False):
  Nó oanh tạc đám binh lính và bọn ninja bằng những quả cầu ánh sáng, có lẽ là một đòn tấn công bằng Quang ma pháp, rồi lao vào tấn công Sophia.

[s5_escape.md] Found 'Ninja' (Suggest: 'Ninja', InCode: False):
  Không chỉ thế, hai tên ninja mặc đồ đen kia có vẻ rất mạnh.

[s5_escape.md] Found 'Ninja' (Suggest: 'Ninja', InCode: False):
  Tuy nhiên, tôi không thể tưởng tượng được cảnh anh ấy và binh lính của mình có thể chống lại Sophia và lũ ninja.

[s5_escape.md] Found 'Ninja' (Suggest: 'Ninja', InCode: False):
  Sophia cùng hai tên ninja lao về phía chúng tôi, nên Fei lập tức phun một đòn hơi thở về phía họ.

[s6_hiding.md] Found 'Julius' (Suggest: 'Julius', InCode: False):
  Trái lại, Hugo đã được Giáo hội chính thức công nhận là Anh hùng mới, người kế vị của Julius.

[s6_hiding.md] Found 'Julius' (Suggest: 'Julius', InCode: False):
  Còn mẹ của tôi và anh Julius là đệ tam phi tần của phụ hoàng, và mẹ của anh Leston là đệ nhị phi tần.

[s6_hiding.md] Found 'Julius' (Suggest: 'Julius', InCode: False):
  “Mẹ của cậu xuất thân từ một gia tộc quý tộc yếu thế không có bất kỳ mối quan hệ nào, nhưng khi Julius trở thành Anh hùng, rất nhiều bè phái đã cố gắng lợi dụng điều đó để trục lợi. Julius phản đối chuyện đó, nên anh ấy dành phần lớn thời gian đi chu du khắp nơi với tư cách là Anh hùng và hiếm khi về nhà. Hoàng hậu và Cylis dĩ nhiên không thích chuyện này. Đã có những động thái lợi dụng cậu để tiếp cận Julius, hoặc để lấy lòng chính cậu, nên hoàng hậu và vây cánh của bà ta đã làm mọi cách trong khả năng để giữ cậu tránh xa khỏi những chuyện đó.”

[s6_hiding.md] Found 'Julius' (Suggest: 'Julius', InCode: False):
  “Mẹ của cậu xuất thân từ một gia tộc quý tộc yếu thế không có bất kỳ mối quan hệ nào, nhưng khi Julius trở thành Anh hùng, rất nhiều bè phái đã cố gắng lợi dụng điều đó để trục lợi. Julius phản đối chuyện đó, nên anh ấy dành phần lớn thời gian đi chu du khắp nơi với tư cách là Anh hùng và hiếm khi về nhà. Hoàng hậu và Cylis dĩ nhiên không thích chuyện này. Đã có những động thái lợi dụng cậu để tiếp cận Julius, hoặc để lấy lòng chính cậu, nên hoàng hậu và vây cánh của bà ta đã làm mọi cách trong khả năng để giữ cậu tránh xa khỏi những chuyện đó.”

[s6_hiding.md] Found 'Julius' (Suggest: 'Julius', InCode: False):
  “Mẹ của cậu xuất thân từ một gia tộc quý tộc yếu thế không có bất kỳ mối quan hệ nào, nhưng khi Julius trở thành Anh hùng, rất nhiều bè phái đã cố gắng lợi dụng điều đó để trục lợi. Julius phản đối chuyện đó, nên anh ấy dành phần lớn thời gian đi chu du khắp nơi với tư cách là Anh hùng và hiếm khi về nhà. Hoàng hậu và Cylis dĩ nhiên không thích chuyện này. Đã có những động thái lợi dụng cậu để tiếp cận Julius, hoặc để lấy lòng chính cậu, nên hoàng hậu và vây cánh của bà ta đã làm mọi cách trong khả năng để giữ cậu tránh xa khỏi những chuyện đó.”

[s6_hiding.md] Found 'Leston' (Suggest: 'Leston', InCode: False):
  Anh Leston, đệ tam hoàng tử, bị kết tội là đồng phạm của tôi, còn những người như gia đình Katia và tộc Elf bị cáo buộc là đã hỗ trợ tôi tập hợp phản quân.

[s6_hiding.md] Found 'Leston' (Suggest: 'Leston', InCode: False):
  Có vẻ như anh Leston rốt cuộc đã bị bắt giữ sau trận chiến đó.

[s6_hiding.md] Found 'Leston' (Suggest: 'Leston', InCode: False):
  Potimas đã bị sát hại. Anh trai Leston của tôi. Có quá nhiều điều tôi muốn hỏi.

[s6_hiding.md] Found 'Leston' (Suggest: 'Leston', InCode: False):
  Dựa trên sự tương tác giữa họ vào ngày hôm đó, cô Oka và anh Leston có vẻ như đã quen biết nhau từ trước.

[s6_hiding.md] Found 'Leston' (Suggest: 'Leston', InCode: False):
  Tôi cũng không hề biết cho đến tận ngày hôm đó rằng anh Leston có quân đội riêng của mình.

[s6_hiding.md] Found 'Leston' (Suggest: 'Leston', InCode: False):
  Rõ ràng là hoàng huynh Leston của tôi có mối liên hệ nào đó với cô Oka, và qua đó, là với tộc Elf.

[s6_hiding.md] Found 'Leston' (Suggest: 'Leston', InCode: False):
  Tôi rất muốn hỏi, nhưng cô Oka thì chưa tỉnh lại, còn anh Leston thì đã bị bắt.

[s6_hiding.md] Found 'Leston' (Suggest: 'Leston', InCode: False):
  Anna đã ở cùng hoàng huynh Leston của tôi.

[s6_hiding.md] Found 'Leston' (Suggest: 'Leston', InCode: False):
  Còn mẹ của tôi và anh Julius là đệ tam phi tần của phụ hoàng, và mẹ của anh Leston là đệ nhị phi tần.

[s6_hiding.md] Found 'Leston' (Suggest: 'Leston', InCode: False):
  Hoàng huynh Leston của tôi không phải là người duy nhất bị bắt.

[s6_hiding.md] Found 'Leston' (Suggest: 'Leston', InCode: False):
  “Leston, công tước và phu nhân công tước dự kiến sẽ bị xử tử sau ba ngày nữa.”

[s6_hiding.md] Found 'Leston' (Suggest: 'Leston', InCode: False):
  Anh Leston và cả cha mẹ của Katia... sắp bị xử tử.

[s6_hiding.md] Found 'Leston' (Suggest: 'Leston', InCode: False):
  Chúng tôi sẽ lao vào dù biết đó có thể là một cái bẫy, hay chúng tôi sẽ bỏ mặc anh Leston và những người khác?

[s6_hiding.md] Found 'Sophia' (Suggest: 'Sophia', InCode: False):
  Vào lúc đó, tôi hoàn toàn không có cách nào đối đầu với Sophia.

[s6_hiding.md] Found 'Sophia' (Suggest: 'Sophia', InCode: False):
  Tôi không nghi ngờ gì việc chính Sophia là người đã đẩy cô vào tình trạng đó.

[s6_hiding.md] Found 'Sophia' (Suggest: 'Sophia', InCode: False):
  Nhưng tôi đoán một phần là vì cô Oka biết chuyện về Sophia.

[s6_hiding.md] Found 'Sophia' (Suggest: 'Sophia', InCode: False):
  Kỹ năng dòng Thất Đại Tội mà Hugo sở hữu. Sophia.

[s6_hiding.md] Found 'Leston' (Suggest: 'Leston', InCode: False):
  Anh Leston, đệ tam hoàng tử, bị kết tội là đồng phạm của tôi, còn những người như gia đình Katia và tộc Elf bị cáo buộc là đã hỗ trợ tôi tập hợp phản quân.

[s6_hiding.md] Found 'Leston' (Suggest: 'Leston', InCode: False):
  Có vẻ như anh Leston rốt cuộc đã bị bắt giữ sau trận chiến đó.

[s6_hiding.md] Found 'Leston' (Suggest: 'Leston', InCode: False):
  Potimas đã bị sát hại. Anh trai Leston của tôi. Có quá nhiều điều tôi muốn hỏi.

[s6_hiding.md] Found 'Leston' (Suggest: 'Leston', InCode: False):
  Dựa trên sự tương tác giữa họ vào ngày hôm đó, cô Oka và anh Leston có vẻ như đã quen biết nhau từ trước.

[s6_hiding.md] Found 'Leston' (Suggest: 'Leston', InCode: False):
  Tôi cũng không hề biết cho đến tận ngày hôm đó rằng anh Leston có quân đội riêng của mình.

[s6_hiding.md] Found 'Leston' (Suggest: 'Leston', InCode: False):
  Rõ ràng là hoàng huynh Leston của tôi có mối liên hệ nào đó với cô Oka, và qua đó, là với tộc Elf.

[s6_hiding.md] Found 'Leston' (Suggest: 'Leston', InCode: False):
  Tôi rất muốn hỏi, nhưng cô Oka thì chưa tỉnh lại, còn anh Leston thì đã bị bắt.

[s6_hiding.md] Found 'Leston' (Suggest: 'Leston', InCode: False):
  Anna đã ở cùng hoàng huynh Leston của tôi.

[s6_hiding.md] Found 'Leston' (Suggest: 'Leston', InCode: False):
  Còn mẹ của tôi và anh Julius là đệ tam phi tần của phụ hoàng, và mẹ của anh Leston là đệ nhị phi tần.

[s6_hiding.md] Found 'Leston' (Suggest: 'Leston', InCode: False):
  Hoàng huynh Leston của tôi không phải là người duy nhất bị bắt.

[s6_hiding.md] Found 'Leston' (Suggest: 'Leston', InCode: False):
  “Leston, công tước và phu nhân công tước dự kiến sẽ bị xử tử sau ba ngày nữa.”

[s6_hiding.md] Found 'Leston' (Suggest: 'Leston', InCode: False):
  Anh Leston và cả cha mẹ của Katia... sắp bị xử tử.

[s6_hiding.md] Found 'Leston' (Suggest: 'Leston', InCode: False):
  Chúng tôi sẽ lao vào dù biết đó có thể là một cái bẫy, hay chúng tôi sẽ bỏ mặc anh Leston và những người khác?

[s6_hiding.md] Found 'Sophia' (Suggest: 'Sophia', InCode: False):
  Vào lúc đó, tôi hoàn toàn không có cách nào đối đầu với Sophia.

[s6_hiding.md] Found 'Sophia' (Suggest: 'Sophia', InCode: False):
  Tôi không nghi ngờ gì việc chính Sophia là người đã đẩy cô vào tình trạng đó.

[s6_hiding.md] Found 'Sophia' (Suggest: 'Sophia', InCode: False):
  Nhưng tôi đoán một phần là vì cô Oka biết chuyện về Sophia.

[s6_hiding.md] Found 'Sophia' (Suggest: 'Sophia', InCode: False):
  Kỹ năng dòng Thất Đại Tội mà Hugo sở hữu. Sophia.

[special_chapter_the_great_elroe_labyrinth_disaster_investigation.md] Found 'Great Elroe Labyrinth' (Suggest: 'Mê cung Lớn Elroe', InCode: False):
  *(The Great Elroe Labyrinth Disaster Investigation Corps)*

[special_chapter_the_great_elroe_labyrinth_disaster_investigation.md] Found 'Daztrudia' (Suggest: 'Lục địa Daztrudia', InCode: False):
  Khu vực quái vật xuất hiện với số lượng lớn này chính là tuyến đường ngắn nhất nối liền giữa lục địa Kasanagara và lục địa Daztrudia.

[special_chapter_the_great_elroe_labyrinth_disaster_investigation.md] Found 'Daztrudia' (Suggest: 'Lục địa Daztrudia', InCode: False):
  Thực tế là việc săn lùng Taratect đang rầm rộ ở phía lục địa Daztrudia gần đây chắc chắn có nghĩa là Nữ Vương đã đẻ trứng.

[special_chapter_the_great_elroe_labyrinth_disaster_investigation.md] Found 'Daztrudia' (Suggest: 'Lục địa Daztrudia', InCode: False):
  Tuy nhiên, vì đợt bùng phát Taratect lần này là ở gần lối vào phía Daztrudia,

[special_chapter_the_great_elroe_labyrinth_disaster_investigation.md] Found 'Kasanagara' (Suggest: 'Lục địa Kasanagara', InCode: False):
  Khu vực quái vật xuất hiện với số lượng lớn này chính là tuyến đường ngắn nhất nối liền giữa lục địa Kasanagara và lục địa Daztrudia.

[special_chapter_the_great_elroe_labyrinth_disaster_investigation.md] Found 'Kasanagara' (Suggest: 'Lục địa Kasanagara', InCode: False):
  khó có khả năng Nữ Vương lại lết toàn bộ quãng đường tới tận bên phía Kasanagara này.

[special_chapter_the_great_elroe_labyrinth_disaster_investigation.md] Found 'Taratect' (Suggest: 'Taratect', InCode: False):
  Thực tế là việc săn lùng Taratect đang rầm rộ ở phía lục địa Daztrudia gần đây chắc chắn có nghĩa là Nữ Vương đã đẻ trứng.

[special_chapter_the_great_elroe_labyrinth_disaster_investigation.md] Found 'Taratect' (Suggest: 'Taratect', InCode: False):
  Taratect Nữ Vương là một thiên tai di động, một thực thể vượt xa cấp S.

[special_chapter_the_great_elroe_labyrinth_disaster_investigation.md] Found 'Taratect' (Suggest: 'Taratect', InCode: False):
  Tuy nhiên, vì đợt bùng phát Taratect lần này là ở gần lối vào phía Daztrudia,

[special_chapter_the_great_elroe_labyrinth_disaster_investigation.md] Found 'Taratect' (Suggest: 'Taratect', InCode: False):
  “Chắc chắn phải là của một con quái vật hệ Taratect.”

[special_chapter_the_great_elroe_labyrinth_disaster_investigation.md] Found 'Taratect' (Suggest: 'Taratect', InCode: False):
  Loài Taratect gia tăng sức mạnh một cách khủng khiếp mỗi khi chúng tiến hóa.

[special_chapter_the_great_elroe_labyrinth_disaster_investigation.md] Found 'Taratect' (Suggest: 'Taratect', InCode: False):
  Taratect Vĩ đại là một dạng tiến hóa cực kỳ hiếm gặp.

[special_chapter_the_great_elroe_labyrinth_disaster_investigation.md] Found 'Taratect' (Suggest: 'Taratect', InCode: False):
  Nó trông tương tự như một con Taratect bình thường nhưng không hoàn toàn giống.

[special_chapter_the_great_elroe_labyrinth_disaster_investigation.md] Found 'Taratect' (Suggest: 'Taratect', InCode: False):
  Taratect Vĩ đại ư?

[special_chapter_the_great_elroe_labyrinth_disaster_investigation.md] Found 'Taratect' (Suggest: 'Taratect', InCode: False):
  Có lẽ nó là một dạng biến dị của chủng tộc Taratect?

[special_chapter_the_great_elroe_labyrinth_disaster_investigation.md] Found 'Zoa Ele' (Suggest: 'Zoa Ele', InCode: False):
  “Zoa Ele.”

[special_chapter_the_great_elroe_labyrinth_disaster_investigation.md] Found 'Zoa Ele' (Suggest: 'Zoa Ele', InCode: False):
  Hóa ra, con quái vật đó là một chủng tộc gọi là Zoa Ele.

[special_chapter_the_great_elroe_labyrinth_disaster_investigation.md] Found 'Zoa Ele' (Suggest: 'Zoa Ele', InCode: False):
  Người hiệp sĩ nói rằng nó khác biệt so với bất kỳ con Zoa Ele bình thường nào, nên chắc hẳn nó là một loại biến dị nào đó.

